<?xml version="1.0" encoding="UTF-8"?>
<!-- Generated by org.testng.reporters.JUnitReportReporter -->
<testsuite hostname="ADBIN0478" failures="0" tests="1" name="com.company.ecomjavaproject.loginpagetest.LoginPageTest" time="6.914" errors="0" timestamp="11 Apr. 2021 20:22:25 GMT" skipped="0">
  <testcase classname="com.company.ecomjavaproject.loginpagetest.LoginPageTest" name="loginTest" time="6.914"/>
</testsuite> <!-- com.company.ecomjavaproject.loginpagetest.LoginPageTest -->
