<?xml version="1.0" encoding="UTF-8"?>
<!-- Generated by org.testng.reporters.JUnitReportReporter -->
<testsuite hostname="ADBIN0478" failures="0" tests="1" name="com.company.ecomjavaproject.testcases.loginpagetest.LoginPageTest" time="7.390" errors="0" timestamp="11 Apr 2021 20:42:12 GMT" skipped="0">
  <testcase classname="com.company.ecomjavaproject.testcases.loginpagetest.LoginPageTest" name="loginTest" time="7.390"/>
</testsuite> <!-- com.company.ecomjavaproject.testcases.loginpagetest.LoginPageTest -->
